{"level":"info","message":"Magic Mover Created: mover 2 ","timestamp":"2024-07-15T21:23:21.598Z"}
{"level":"info","message":"Magic Mover Created: mahmoud","timestamp":"2024-07-16T13:06:04.817Z"}
{"level":"info","message":"Magic Mover Created: mahmoud","timestamp":"2024-07-16T13:09:26.226Z"}
{"level":"info","message":"Magic Mover Created: mahmoud","timestamp":"2024-07-16T13:10:36.614Z"}
{"level":"info","message":"Magic Mover Created: mahmoud","timestamp":"2024-07-16T13:11:20.438Z"}
{"level":"info","message":"Magic Item added: mahmoud","timestamp":"2024-07-16T13:16:14.647Z"}
{"level":"info","message":"Magic Mover Created: mahmoud","timestamp":"2024-07-16T13:19:16.712Z"}
{"level":"info","message":"Magic Mover mahmoud loaded with items","timestamp":"2024-07-16T13:20:01.575Z"}
{"level":"info","message":"Magic Mover mahmoud started mission","timestamp":"2024-07-16T13:21:38.109Z"}
{"level":"info","message":"Magic Mover mahmoud ended mission","timestamp":"2024-07-16T13:22:36.082Z"}
{"level":"info","message":"Magic Mover Created: mahmoud","timestamp":"2024-07-16T13:29:42.349Z"}
{"level":"info","message":"Magic Mover mahmoud loaded with items","timestamp":"2024-07-16T13:29:50.803Z"}
{"level":"info","message":"Magic Mover mahmoud started mission","timestamp":"2024-07-16T13:29:57.412Z"}
{"level":"info","message":"Magic Mover mahmoud ended mission","timestamp":"2024-07-16T13:30:02.533Z"}
{"level":"info","message":"Magic Mover mahmoud loaded with items","timestamp":"2024-07-16T14:07:48.889Z"}
{"level":"info","message":"Magic Mover mahmoud started mission","timestamp":"2024-07-16T14:07:51.991Z"}
{"level":"info","message":"Magic Mover mahmoud ended mission","timestamp":"2024-07-16T14:07:54.660Z"}
{"level":"info","message":"Magic Mover Created: mahmoud","timestamp":"2024-07-16T16:05:10.337Z"}
{"level":"info","message":"Magic Mover Created: mahmoud","timestamp":"2024-07-16T16:05:32.954Z"}
{"level":"info","message":"Magic Mover Created: mahmoud","timestamp":"2024-07-16T16:05:50.798Z"}
{"level":"info","message":"Magic Mover Created: mahmoud","timestamp":"2024-07-16T16:06:00.871Z"}
{"level":"info","message":"Magic Mover Created: mahmoud","timestamp":"2024-07-16T16:06:53.081Z"}
{"level":"info","message":"Magic Mover Created: mahmoud","timestamp":"2024-07-16T16:07:07.105Z"}
{"level":"info","message":"Magic Mover Created: mahmoud","timestamp":"2024-07-16T16:07:33.721Z"}
{"level":"info","message":"Magic Mover Created: mahmoud","timestamp":"2024-07-16T16:07:49.735Z"}
{"level":"info","message":"Magic Mover Created: mahmoud","timestamp":"2024-07-16T16:08:15.700Z"}
{"level":"info","message":"Magic Mover Created: mahmoud","timestamp":"2024-07-16T16:08:22.815Z"}
{"level":"info","message":"Magic Mover Created: mahmoud","timestamp":"2024-07-16T16:08:31.518Z"}
{"level":"info","message":"Magic Mover Created: mahmoud","timestamp":"2024-07-16T16:08:41.757Z"}
{"level":"info","message":"Magic Mover Created: mahmoud","timestamp":"2024-07-16T16:08:57.556Z"}
{"level":"info","message":"Magic Mover Created: mahmoud","timestamp":"2024-07-16T16:09:00.876Z"}
{"level":"info","message":"Magic Mover Created: mahmoud","timestamp":"2024-07-16T16:09:06.091Z"}
{"level":"info","message":"Magic Mover Created: mahmoud","timestamp":"2024-07-16T16:09:14.804Z"}
{"level":"info","message":"Magic Mover Created: mahmoud","timestamp":"2024-07-16T16:09:41.816Z"}
{"level":"info","message":"Magic Mover Created: mahmoud","timestamp":"2024-07-16T16:09:44.393Z"}
{"level":"info","message":"Magic Mover Created: mahmoud","timestamp":"2024-07-16T16:10:20.576Z"}
{"level":"info","message":"Magic Mover Created: mahmoud","timestamp":"2024-07-16T16:10:20.596Z"}
{"level":"info","message":"Magic Mover Created: mahmoud","timestamp":"2024-07-16T16:10:33.338Z"}
{"level":"info","message":"Magic Mover Created: mahmoud","timestamp":"2024-07-16T16:10:33.360Z"}
{"level":"info","message":"Magic Mover Created: mahmoud","timestamp":"2024-07-16T16:10:39.891Z"}
{"level":"info","message":"Magic Mover Created: mahmoud","timestamp":"2024-07-16T16:10:39.915Z"}
{"level":"info","message":"Magic Mover Created: mahmoud","timestamp":"2024-07-16T16:10:43.575Z"}
{"level":"info","message":"Magic Mover Created: mahmoud","timestamp":"2024-07-16T16:10:43.597Z"}
{"level":"info","message":"Magic Mover Created: mahmoud","timestamp":"2024-07-16T16:10:52.781Z"}
{"level":"info","message":"Magic Mover Created: mahmoud","timestamp":"2024-07-16T16:11:01.918Z"}
{"level":"info","message":"Magic Item added: mahmoud","timestamp":"2024-07-16T16:11:01.940Z"}
{"level":"info","message":"Magic Mover Created: mahmoud","timestamp":"2024-07-16T16:11:07.400Z"}
{"level":"info","message":"Magic Item added: mahmoud","timestamp":"2024-07-16T16:11:07.423Z"}
{"level":"info","message":"Magic Mover Created: mahmoud","timestamp":"2024-07-16T16:12:49.355Z"}
{"level":"info","message":"Magic Item added: mahmoud","timestamp":"2024-07-16T16:12:49.386Z"}
{"level":"info","message":"Magic Mover Created: mahmoud","timestamp":"2024-07-16T16:12:57.153Z"}
{"level":"info","message":"Magic Item added: mahmoud","timestamp":"2024-07-16T16:12:57.173Z"}
{"level":"info","message":"Magic Mover Created: mahmoud","timestamp":"2024-07-16T16:13:05.924Z"}
{"level":"info","message":"Magic Item added: mahmoud","timestamp":"2024-07-16T16:13:05.946Z"}
{"level":"info","message":"Magic Mover Created: mahmoud","timestamp":"2024-07-16T16:13:15.290Z"}
{"level":"info","message":"Magic Item added: mahmoud","timestamp":"2024-07-16T16:13:15.312Z"}
{"level":"info","message":"Magic Mover Created: mahmoud","timestamp":"2024-07-16T16:13:21.427Z"}
{"level":"info","message":"Magic Item added: mahmoud","timestamp":"2024-07-16T16:13:21.449Z"}
{"level":"info","message":"Magic Mover Created: mahmoud","timestamp":"2024-07-16T16:14:13.345Z"}
{"level":"info","message":"Magic Item added: mahmoud","timestamp":"2024-07-16T16:14:13.371Z"}
{"level":"info","message":"Magic Mover Created: mahmoud","timestamp":"2024-07-16T16:14:20.364Z"}
{"level":"info","message":"Magic Item added: mahmoud","timestamp":"2024-07-16T16:14:20.386Z"}
{"level":"info","message":"Magic Mover Created: mahmoud","timestamp":"2024-07-16T16:14:40.394Z"}
{"level":"info","message":"Magic Item added: mahmoud","timestamp":"2024-07-16T16:14:40.418Z"}
{"level":"info","message":"Magic Mover Created: mahmoud","timestamp":"2024-07-16T16:14:48.945Z"}
{"level":"info","message":"Magic Item added: mahmoud","timestamp":"2024-07-16T16:14:48.964Z"}
{"level":"info","message":"Magic Item added: mahmoud","timestamp":"2024-07-16T16:14:48.974Z"}
{"level":"info","message":"Magic Mover Created: mahmoud","timestamp":"2024-07-16T16:14:55.732Z"}
{"level":"info","message":"Magic Item added: mahmoud","timestamp":"2024-07-16T16:14:55.752Z"}
{"level":"info","message":"Magic Mover Created: mahmoud","timestamp":"2024-07-16T16:15:00.386Z"}
{"level":"info","message":"Magic Item added: mahmoud","timestamp":"2024-07-16T16:15:00.407Z"}
{"level":"info","message":"Magic Mover Created: mahmoud","timestamp":"2024-07-16T16:15:03.934Z"}
{"level":"info","message":"Magic Item added: mahmoud","timestamp":"2024-07-16T16:15:03.956Z"}
{"level":"info","message":"Magic Mover Created: mahmoud","timestamp":"2024-07-16T16:15:07.691Z"}
{"level":"info","message":"Magic Item added: mahmoud","timestamp":"2024-07-16T16:15:07.723Z"}
{"level":"info","message":"Magic Mover Created: mahmoud","timestamp":"2024-07-16T16:15:12.142Z"}
{"level":"info","message":"Magic Item added: mahmoud","timestamp":"2024-07-16T16:15:12.162Z"}
{"level":"info","message":"Magic Mover Created: mahmoud","timestamp":"2024-07-16T16:15:15.829Z"}
{"level":"info","message":"Magic Item added: mahmoud","timestamp":"2024-07-16T16:15:15.850Z"}
{"level":"info","message":"Magic Mover mahmoud loaded with items","timestamp":"2024-07-16T16:15:47.094Z"}
{"level":"info","message":"Magic Mover Created: mahmoud","timestamp":"2024-07-16T16:15:57.121Z"}
{"level":"info","message":"Magic Item added: mahmoud","timestamp":"2024-07-16T16:15:57.145Z"}
{"level":"info","message":"Magic Mover Created: mahmoud","timestamp":"2024-07-16T16:17:11.507Z"}
{"level":"info","message":"Magic Item added: mahmoud","timestamp":"2024-07-16T16:17:11.540Z"}
{"level":"info","message":"Magic Mover Created: mahmoud","timestamp":"2024-07-16T16:17:20.517Z"}
{"level":"info","message":"Magic Item added: mahmoud","timestamp":"2024-07-16T16:17:20.538Z"}
{"level":"info","message":"Magic Mover Created: mahmoud","timestamp":"2024-07-16T16:18:00.991Z"}
{"level":"info","message":"Magic Item added: mahmoud","timestamp":"2024-07-16T16:18:01.016Z"}
{"level":"info","message":"Magic Mover Created: mahmoud","timestamp":"2024-07-16T16:19:09.238Z"}
{"level":"info","message":"Magic Item added: mahmoud","timestamp":"2024-07-16T16:19:09.267Z"}
{"level":"info","message":"Magic Mover Created: mahmoud","timestamp":"2024-07-16T16:19:09.280Z"}
{"level":"info","message":"Magic Mover Created: mahmoud","timestamp":"2024-07-16T16:19:18.293Z"}
{"level":"info","message":"Magic Item added: mahmoud","timestamp":"2024-07-16T16:19:18.315Z"}
{"level":"info","message":"Magic Mover Created: mahmoud","timestamp":"2024-07-16T16:19:18.325Z"}
{"level":"info","message":"Magic Mover Created: mahmoud","timestamp":"2024-07-16T16:19:38.942Z"}
{"level":"info","message":"Magic Item added: mahmoud","timestamp":"2024-07-16T16:19:38.964Z"}
{"level":"info","message":"Magic Mover Created: mahmoud","timestamp":"2024-07-16T16:19:38.974Z"}
{"level":"info","message":"Magic Item added: mahmoud","timestamp":"2024-07-16T16:19:38.976Z"}
{"level":"info","message":"Magic Mover Created: mahmoud","timestamp":"2024-07-16T16:19:41.736Z"}
{"level":"info","message":"Magic Item added: mahmoud","timestamp":"2024-07-16T16:19:41.756Z"}
{"level":"info","message":"Magic Mover Created: mahmoud","timestamp":"2024-07-16T16:19:41.765Z"}
{"level":"info","message":"Magic Item added: mahmoud","timestamp":"2024-07-16T16:19:41.767Z"}
{"level":"info","message":"Magic Mover Created: mahmoud","timestamp":"2024-07-16T16:19:56.254Z"}
{"level":"info","message":"Magic Item added: mahmoud","timestamp":"2024-07-16T16:19:56.275Z"}
{"level":"info","message":"Magic Mover Created: mahmoud","timestamp":"2024-07-16T16:19:56.284Z"}
{"level":"info","message":"Magic Item added: mahmoud","timestamp":"2024-07-16T16:19:56.286Z"}
{"level":"info","message":"Magic Mover Created: mahmoud","timestamp":"2024-07-16T16:20:00.094Z"}
{"level":"info","message":"Magic Item added: mahmoud","timestamp":"2024-07-16T16:20:00.121Z"}
{"level":"info","message":"Magic Mover Created: mahmoud","timestamp":"2024-07-16T16:20:00.135Z"}
{"level":"info","message":"Magic Item added: mahmoud","timestamp":"2024-07-16T16:20:00.138Z"}
{"level":"info","message":"Magic Mover Created: mahmoud","timestamp":"2024-07-16T16:20:12.115Z"}
{"level":"info","message":"Magic Item added: mahmoud","timestamp":"2024-07-16T16:20:12.136Z"}
{"level":"info","message":"Magic Mover Created: mahmoud","timestamp":"2024-07-16T16:20:12.149Z"}
{"level":"info","message":"Magic Item added: mahmoud","timestamp":"2024-07-16T16:20:12.151Z"}
{"level":"info","message":"Magic Mover Created: mahmoud","timestamp":"2024-07-16T16:20:28.056Z"}
{"level":"info","message":"Magic Item added: mahmoud","timestamp":"2024-07-16T16:20:28.078Z"}
{"level":"info","message":"Magic Mover Created: mahmoud","timestamp":"2024-07-16T16:20:28.087Z"}
{"level":"info","message":"Magic Item added: mahmoud","timestamp":"2024-07-16T16:20:28.090Z"}
{"level":"info","message":"Magic Mover mahmoud loaded with items","timestamp":"2024-07-16T16:20:28.105Z"}
{"level":"info","message":"Magic Mover Created: mahmoud","timestamp":"2024-07-16T16:20:31.976Z"}
{"level":"info","message":"Magic Item added: mahmoud","timestamp":"2024-07-16T16:20:31.995Z"}
{"level":"info","message":"Magic Mover Created: mahmoud","timestamp":"2024-07-16T16:20:32.005Z"}
{"level":"info","message":"Magic Item added: mahmoud","timestamp":"2024-07-16T16:20:32.007Z"}
{"level":"info","message":"Magic Mover mahmoud loaded with items","timestamp":"2024-07-16T16:20:32.017Z"}
{"level":"info","message":"Magic Mover Created: mahmoud","timestamp":"2024-07-16T16:20:50.435Z"}
{"level":"info","message":"Magic Item added: mahmoud","timestamp":"2024-07-16T16:20:50.459Z"}
{"level":"info","message":"Magic Mover Created: mahmoud","timestamp":"2024-07-16T16:20:50.468Z"}
{"level":"info","message":"Magic Item added: mahmoud","timestamp":"2024-07-16T16:20:50.471Z"}
{"level":"info","message":"Magic Mover mahmoud loaded with items","timestamp":"2024-07-16T16:20:50.488Z"}
{"level":"info","message":"Magic Mover Created: mahmoud","timestamp":"2024-07-16T16:22:50.940Z"}
{"level":"info","message":"Magic Item added: mahmoud","timestamp":"2024-07-16T16:22:50.972Z"}
{"level":"info","message":"Magic Mover Created: mahmoud","timestamp":"2024-07-16T16:22:51.050Z"}
{"level":"info","message":"Magic Item added: mahmoud","timestamp":"2024-07-16T16:22:51.056Z"}
{"level":"info","message":"Magic Mover mahmoud loaded with items","timestamp":"2024-07-16T16:22:51.075Z"}
{"level":"info","message":"Magic Mover Created: mahmoud","timestamp":"2024-07-16T16:22:54.154Z"}
{"level":"info","message":"Magic Item added: mahmoud","timestamp":"2024-07-16T16:22:54.175Z"}
{"level":"info","message":"Magic Mover Created: mahmoud","timestamp":"2024-07-16T16:22:54.185Z"}
{"level":"info","message":"Magic Item added: mahmoud","timestamp":"2024-07-16T16:22:54.187Z"}
{"level":"info","message":"Magic Mover mahmoud loaded with items","timestamp":"2024-07-16T16:22:54.198Z"}
{"level":"info","message":"Magic Mover Created: mahmoud","timestamp":"2024-07-16T16:23:00.155Z"}
{"level":"info","message":"Magic Item added: mahmoud","timestamp":"2024-07-16T16:23:00.178Z"}
{"level":"info","message":"Magic Mover Created: mahmoud","timestamp":"2024-07-16T16:23:00.188Z"}
{"level":"info","message":"Magic Item added: mahmoud","timestamp":"2024-07-16T16:23:00.190Z"}
{"level":"info","message":"Magic Mover mahmoud loaded with items","timestamp":"2024-07-16T16:23:00.200Z"}
{"level":"info","message":"Magic Mover Created: mahmoud","timestamp":"2024-07-16T16:23:21.563Z"}
{"level":"info","message":"Magic Item added: mahmoud","timestamp":"2024-07-16T16:23:21.586Z"}
{"level":"info","message":"Magic Mover Created: mahmoud","timestamp":"2024-07-16T16:23:21.596Z"}
{"level":"info","message":"Magic Item added: mahmoud","timestamp":"2024-07-16T16:23:21.599Z"}
{"level":"info","message":"Magic Mover mahmoud loaded with items","timestamp":"2024-07-16T16:23:21.613Z"}
{"level":"info","message":"Magic Mover Created: mahmoud","timestamp":"2024-07-16T16:23:33.823Z"}
{"level":"info","message":"Magic Item added: mahmoud","timestamp":"2024-07-16T16:23:33.845Z"}
{"level":"info","message":"Magic Mover Created: mahmoud","timestamp":"2024-07-16T16:23:33.855Z"}
{"level":"info","message":"Magic Item added: mahmoud","timestamp":"2024-07-16T16:23:33.858Z"}
{"level":"info","message":"Magic Mover mahmoud loaded with items","timestamp":"2024-07-16T16:23:33.868Z"}
{"level":"info","message":"Magic Mover Created: mahmoud","timestamp":"2024-07-16T16:23:45.764Z"}
{"level":"info","message":"Magic Item added: mahmoud","timestamp":"2024-07-16T16:23:45.784Z"}
{"level":"info","message":"Magic Mover Created: mahmoud","timestamp":"2024-07-16T16:23:45.796Z"}
{"level":"info","message":"Magic Item added: mahmoud","timestamp":"2024-07-16T16:23:45.799Z"}
{"level":"info","message":"Magic Mover mahmoud loaded with items","timestamp":"2024-07-16T16:23:45.808Z"}
{"level":"info","message":"Magic Mover Created: mahmoud","timestamp":"2024-07-16T16:27:24.520Z"}
{"level":"info","message":"Magic Item added: mahmoud","timestamp":"2024-07-16T16:27:24.543Z"}
{"level":"info","message":"Magic Mover Created: mahmoud","timestamp":"2024-07-16T16:27:24.554Z"}
{"level":"info","message":"Magic Item added: mahmoud","timestamp":"2024-07-16T16:27:24.556Z"}
{"level":"info","message":"Magic Mover mahmoud loaded with items","timestamp":"2024-07-16T16:27:24.570Z"}
{"level":"info","message":"Magic Mover Created: mahmoud","timestamp":"2024-07-16T16:27:38.604Z"}
{"level":"info","message":"Magic Item added: mahmoud","timestamp":"2024-07-16T16:27:38.629Z"}
{"level":"info","message":"Magic Mover Created: mahmoud","timestamp":"2024-07-16T16:27:38.648Z"}
{"level":"info","message":"Magic Item added: mahmoud","timestamp":"2024-07-16T16:27:38.652Z"}
{"level":"info","message":"Magic Mover mahmoud loaded with items","timestamp":"2024-07-16T16:27:38.665Z"}
{"level":"info","message":"Magic Mover Created: mahmoud","timestamp":"2024-07-16T16:27:41.501Z"}
{"level":"info","message":"Magic Item added: mahmoud","timestamp":"2024-07-16T16:27:41.522Z"}
{"level":"info","message":"Magic Mover Created: mahmoud","timestamp":"2024-07-16T16:27:41.532Z"}
{"level":"info","message":"Magic Item added: mahmoud","timestamp":"2024-07-16T16:27:41.535Z"}
{"level":"info","message":"Magic Mover mahmoud loaded with items","timestamp":"2024-07-16T16:27:41.544Z"}
{"level":"info","message":"Magic Mover Created: mahmoud","timestamp":"2024-07-16T16:27:47.511Z"}
{"level":"info","message":"Magic Item added: mahmoud","timestamp":"2024-07-16T16:27:47.532Z"}
{"level":"info","message":"Magic Mover Created: mahmoud","timestamp":"2024-07-16T16:27:47.542Z"}
{"level":"info","message":"Magic Item added: mahmoud","timestamp":"2024-07-16T16:27:47.544Z"}
{"level":"info","message":"Magic Mover mahmoud loaded with items","timestamp":"2024-07-16T16:27:47.554Z"}
{"level":"info","message":"Magic Mover Created: mahmoud","timestamp":"2024-07-16T16:30:12.521Z"}
{"level":"info","message":"Magic Item added: mahmoud","timestamp":"2024-07-16T16:30:12.546Z"}
{"level":"info","message":"Magic Mover Created: mahmoud","timestamp":"2024-07-16T16:30:12.556Z"}
{"level":"info","message":"Magic Item added: mahmoud","timestamp":"2024-07-16T16:30:12.559Z"}
{"level":"info","message":"Magic Mover mahmoud loaded with items","timestamp":"2024-07-16T16:30:12.575Z"}
{"level":"info","message":"Magic Mover Created: mahmoud","timestamp":"2024-07-16T16:30:12.579Z"}
{"level":"info","message":"Magic Item added: mahmoud","timestamp":"2024-07-16T16:30:12.581Z"}
{"level":"info","message":"Magic Mover mahmoud loaded with items","timestamp":"2024-07-16T16:30:12.586Z"}
{"level":"info","message":"Magic Mover Created: mahmoud","timestamp":"2024-07-16T16:30:46.432Z"}
{"level":"info","message":"Magic Item added: mahmoud","timestamp":"2024-07-16T16:30:46.456Z"}
{"level":"info","message":"Magic Mover Created: mahmoud","timestamp":"2024-07-16T16:30:46.465Z"}
{"level":"info","message":"Magic Item added: mahmoud","timestamp":"2024-07-16T16:30:46.468Z"}
{"level":"info","message":"Magic Mover mahmoud loaded with items","timestamp":"2024-07-16T16:30:46.478Z"}
{"level":"info","message":"Magic Mover Created: mahmoud","timestamp":"2024-07-16T16:30:46.482Z"}
{"level":"info","message":"Magic Item added: mahmoud","timestamp":"2024-07-16T16:30:46.484Z"}
{"level":"info","message":"Magic Mover mahmoud loaded with items","timestamp":"2024-07-16T16:30:46.490Z"}
{"level":"info","message":"Magic Mover Created: mahmoud","timestamp":"2024-07-16T16:30:55.145Z"}
{"level":"info","message":"Magic Item added: mahmoud","timestamp":"2024-07-16T16:30:55.166Z"}
{"level":"info","message":"Magic Mover Created: mahmoud","timestamp":"2024-07-16T16:30:55.176Z"}
{"level":"info","message":"Magic Item added: mahmoud","timestamp":"2024-07-16T16:30:55.178Z"}
{"level":"info","message":"Magic Mover mahmoud loaded with items","timestamp":"2024-07-16T16:30:55.188Z"}
{"level":"info","message":"Magic Mover Created: mahmoud","timestamp":"2024-07-16T16:30:55.192Z"}
{"level":"info","message":"Magic Item added: mahmoud","timestamp":"2024-07-16T16:30:55.194Z"}
{"level":"info","message":"Magic Mover mahmoud loaded with items","timestamp":"2024-07-16T16:30:55.199Z"}
{"level":"info","message":"Magic Mover mahmoud started mission","timestamp":"2024-07-16T16:31:01.670Z"}
{"level":"info","message":"Magic Mover Created: mahmoud","timestamp":"2024-07-16T16:31:11.406Z"}
{"level":"info","message":"Magic Item added: mahmoud","timestamp":"2024-07-16T16:31:11.428Z"}
{"level":"info","message":"Magic Mover Created: mahmoud","timestamp":"2024-07-16T16:31:11.438Z"}
{"level":"info","message":"Magic Item added: mahmoud","timestamp":"2024-07-16T16:31:11.440Z"}
{"level":"info","message":"Magic Mover mahmoud loaded with items","timestamp":"2024-07-16T16:31:11.450Z"}
{"level":"info","message":"Magic Mover Created: mahmoud","timestamp":"2024-07-16T16:31:11.455Z"}
{"level":"info","message":"Magic Item added: mahmoud","timestamp":"2024-07-16T16:31:11.457Z"}
{"level":"info","message":"Magic Mover mahmoud loaded with items","timestamp":"2024-07-16T16:31:11.461Z"}
{"level":"info","message":"Magic Mover Created: mahmoud","timestamp":"2024-07-16T16:31:32.933Z"}
{"level":"info","message":"Magic Item added: mahmoud","timestamp":"2024-07-16T16:31:32.959Z"}
{"level":"info","message":"Magic Mover Created: mahmoud","timestamp":"2024-07-16T16:31:32.970Z"}
{"level":"info","message":"Magic Item added: mahmoud","timestamp":"2024-07-16T16:31:32.972Z"}
{"level":"info","message":"Magic Mover mahmoud loaded with items","timestamp":"2024-07-16T16:31:32.985Z"}
{"level":"info","message":"Magic Item added: mahmoud","timestamp":"2024-07-16T16:31:32.994Z"}
{"level":"info","message":"Magic Mover Created: mahmoud","timestamp":"2024-07-16T16:31:46.878Z"}
{"level":"info","message":"Magic Item added: mahmoud","timestamp":"2024-07-16T16:31:46.897Z"}
{"level":"info","message":"Magic Mover Created: mahmoud","timestamp":"2024-07-16T16:31:46.908Z"}
{"level":"info","message":"Magic Item added: mahmoud","timestamp":"2024-07-16T16:31:46.911Z"}
{"level":"info","message":"Magic Mover mahmoud loaded with items","timestamp":"2024-07-16T16:31:46.921Z"}
{"level":"info","message":"Magic Item added: mahmoud","timestamp":"2024-07-16T16:31:46.929Z"}
{"level":"info","message":"Magic Mover Created: mahmoud","timestamp":"2024-07-16T16:31:50.786Z"}
{"level":"info","message":"Magic Item added: mahmoud","timestamp":"2024-07-16T16:31:50.807Z"}
{"level":"info","message":"Magic Mover Created: mahmoud","timestamp":"2024-07-16T16:31:50.817Z"}
{"level":"info","message":"Magic Item added: mahmoud","timestamp":"2024-07-16T16:31:50.820Z"}
{"level":"info","message":"Magic Mover mahmoud loaded with items","timestamp":"2024-07-16T16:31:50.830Z"}
{"level":"info","message":"Magic Mover Created: mahmoud","timestamp":"2024-07-16T16:31:50.835Z"}
{"level":"info","message":"Magic Item added: mahmoud","timestamp":"2024-07-16T16:31:50.837Z"}
{"level":"info","message":"Magic Mover Created: mahmoud","timestamp":"2024-07-16T16:32:03.365Z"}
{"level":"info","message":"Magic Item added: mahmoud","timestamp":"2024-07-16T16:32:03.384Z"}
{"level":"info","message":"Magic Mover Created: mahmoud","timestamp":"2024-07-16T16:32:03.394Z"}
{"level":"info","message":"Magic Item added: mahmoud","timestamp":"2024-07-16T16:32:03.397Z"}
{"level":"info","message":"Magic Mover mahmoud loaded with items","timestamp":"2024-07-16T16:32:03.407Z"}
{"level":"info","message":"Magic Mover Created: mahmoud","timestamp":"2024-07-16T16:32:03.411Z"}
{"level":"info","message":"Magic Mover Created: mahmoud","timestamp":"2024-07-16T16:32:09.099Z"}
{"level":"info","message":"Magic Item added: mahmoud","timestamp":"2024-07-16T16:32:09.122Z"}
{"level":"info","message":"Magic Mover Created: mahmoud","timestamp":"2024-07-16T16:32:09.133Z"}
{"level":"info","message":"Magic Item added: mahmoud","timestamp":"2024-07-16T16:32:09.136Z"}
{"level":"info","message":"Magic Mover mahmoud loaded with items","timestamp":"2024-07-16T16:32:09.146Z"}
{"level":"info","message":"Magic Mover Created: mahmoud","timestamp":"2024-07-16T16:32:09.150Z"}
{"level":"info","message":"Magic Mover Created: mahmoud","timestamp":"2024-07-16T16:32:12.160Z"}
{"level":"info","message":"Magic Item added: mahmoud","timestamp":"2024-07-16T16:32:12.187Z"}
{"level":"info","message":"Magic Mover Created: mahmoud","timestamp":"2024-07-16T16:32:12.197Z"}
{"level":"info","message":"Magic Item added: mahmoud","timestamp":"2024-07-16T16:32:12.200Z"}
{"level":"info","message":"Magic Mover mahmoud loaded with items","timestamp":"2024-07-16T16:32:12.210Z"}
{"level":"info","message":"Magic Mover Created: mahmoud","timestamp":"2024-07-16T16:32:12.214Z"}
{"level":"info","message":"Magic Mover Created: mahmoud","timestamp":"2024-07-16T16:32:16.332Z"}
{"level":"info","message":"Magic Item added: mahmoud","timestamp":"2024-07-16T16:32:16.353Z"}
{"level":"info","message":"Magic Mover Created: mahmoud","timestamp":"2024-07-16T16:32:16.366Z"}
{"level":"info","message":"Magic Item added: mahmoud","timestamp":"2024-07-16T16:32:16.370Z"}
{"level":"info","message":"Magic Mover mahmoud loaded with items","timestamp":"2024-07-16T16:32:16.381Z"}
{"level":"info","message":"Magic Mover Created: mahmoud","timestamp":"2024-07-16T16:32:16.385Z"}
{"level":"info","message":"Magic Mover Created: mahmoud","timestamp":"2024-07-16T16:32:27.766Z"}
{"level":"info","message":"Magic Item added: mahmoud","timestamp":"2024-07-16T16:32:27.789Z"}
{"level":"info","message":"Magic Mover Created: mahmoud","timestamp":"2024-07-16T16:32:27.798Z"}
{"level":"info","message":"Magic Item added: mahmoud","timestamp":"2024-07-16T16:32:27.801Z"}
{"level":"info","message":"Magic Mover mahmoud loaded with items","timestamp":"2024-07-16T16:32:27.810Z"}
{"level":"info","message":"Magic Mover Created: mahmoud","timestamp":"2024-07-16T16:32:27.815Z"}
{"level":"info","message":"Magic Mover Created: mahmoud","timestamp":"2024-07-16T16:32:54.095Z"}
{"level":"info","message":"Magic Item added: mahmoud","timestamp":"2024-07-16T16:32:54.125Z"}
{"level":"info","message":"Magic Mover Created: mahmoud","timestamp":"2024-07-16T16:32:54.142Z"}
{"level":"info","message":"Magic Item added: mahmoud","timestamp":"2024-07-16T16:32:54.145Z"}
{"level":"info","message":"Magic Mover mahmoud loaded with items","timestamp":"2024-07-16T16:32:54.167Z"}
{"level":"info","message":"Magic Mover Created: mahmoud","timestamp":"2024-07-16T16:32:54.179Z"}
{"level":"info","message":"Magic Mover Created: mahmoud","timestamp":"2024-07-16T16:32:57.643Z"}
{"level":"info","message":"Magic Item added: mahmoud","timestamp":"2024-07-16T16:32:57.664Z"}
{"level":"info","message":"Magic Mover Created: mahmoud","timestamp":"2024-07-16T16:32:57.679Z"}
{"level":"info","message":"Magic Item added: mahmoud","timestamp":"2024-07-16T16:32:57.681Z"}
{"level":"info","message":"Magic Mover mahmoud loaded with items","timestamp":"2024-07-16T16:32:57.691Z"}
{"level":"info","message":"Magic Mover Created: mahmoud","timestamp":"2024-07-16T16:32:57.695Z"}
{"level":"info","message":"Magic Mover Created: mahmoud","timestamp":"2024-07-16T16:33:31.367Z"}
{"level":"info","message":"Magic Item added: mahmoud","timestamp":"2024-07-16T16:33:31.390Z"}
{"level":"info","message":"Magic Mover Created: mahmoud","timestamp":"2024-07-16T16:33:31.399Z"}
{"level":"info","message":"Magic Item added: mahmoud","timestamp":"2024-07-16T16:33:31.402Z"}
{"level":"info","message":"Magic Mover mahmoud loaded with items","timestamp":"2024-07-16T16:33:31.412Z"}
{"level":"info","message":"Magic Mover Created: mahmoud","timestamp":"2024-07-16T16:33:31.416Z"}
{"level":"info","message":"Magic Item added: mahmoud","timestamp":"2024-07-16T16:33:31.418Z"}
{"level":"info","message":"Magic Mover mahmoud loaded with items","timestamp":"2024-07-16T16:33:31.424Z"}
{"level":"info","message":"Magic Mover mahmoud started mission","timestamp":"2024-07-16T16:33:31.428Z"}
{"level":"info","message":"Magic Mover Created: mahmoud","timestamp":"2024-07-16T16:33:45.912Z"}
{"level":"info","message":"Magic Item added: mahmoud","timestamp":"2024-07-16T16:33:45.934Z"}
{"level":"info","message":"Magic Mover Created: mahmoud","timestamp":"2024-07-16T16:33:45.944Z"}
{"level":"info","message":"Magic Item added: mahmoud","timestamp":"2024-07-16T16:33:45.946Z"}
{"level":"info","message":"Magic Mover mahmoud loaded with items","timestamp":"2024-07-16T16:33:45.957Z"}
{"level":"info","message":"Magic Mover Created: mahmoud","timestamp":"2024-07-16T16:33:45.962Z"}
{"level":"info","message":"Magic Item added: mahmoud","timestamp":"2024-07-16T16:33:45.964Z"}
{"level":"info","message":"Magic Mover mahmoud loaded with items","timestamp":"2024-07-16T16:33:45.968Z"}
{"level":"info","message":"Magic Mover mahmoud started mission","timestamp":"2024-07-16T16:33:45.972Z"}
{"level":"info","message":"Magic Mover Created: mahmoud","timestamp":"2024-07-16T16:33:55.693Z"}
{"level":"info","message":"Magic Item added: mahmoud","timestamp":"2024-07-16T16:33:55.715Z"}
{"level":"info","message":"Magic Mover Created: mahmoud","timestamp":"2024-07-16T16:33:55.726Z"}
{"level":"info","message":"Magic Item added: mahmoud","timestamp":"2024-07-16T16:33:55.728Z"}
{"level":"info","message":"Magic Mover mahmoud loaded with items","timestamp":"2024-07-16T16:33:55.738Z"}
{"level":"info","message":"Magic Mover Created: mahmoud","timestamp":"2024-07-16T16:33:55.742Z"}
{"level":"info","message":"Magic Item added: mahmoud","timestamp":"2024-07-16T16:33:55.744Z"}
{"level":"info","message":"Magic Mover mahmoud loaded with items","timestamp":"2024-07-16T16:33:55.749Z"}
{"level":"info","message":"Magic Mover mahmoud started mission","timestamp":"2024-07-16T16:33:55.753Z"}
{"level":"info","message":"Magic Mover Created: mahmoud","timestamp":"2024-07-16T16:33:55.757Z"}
{"level":"info","message":"Magic Item added: mahmoud","timestamp":"2024-07-16T16:33:55.759Z"}
{"level":"info","message":"Magic Mover mahmoud loaded with items","timestamp":"2024-07-16T16:33:55.763Z"}
{"level":"info","message":"Magic Mover mahmoud started mission","timestamp":"2024-07-16T16:33:55.767Z"}
{"level":"info","message":"Magic Mover Created: mahmoud","timestamp":"2024-07-16T16:34:09.859Z"}
{"level":"info","message":"Magic Item added: mahmoud","timestamp":"2024-07-16T16:34:09.878Z"}
{"level":"info","message":"Magic Mover Created: mahmoud","timestamp":"2024-07-16T16:34:09.888Z"}
{"level":"info","message":"Magic Item added: mahmoud","timestamp":"2024-07-16T16:34:09.890Z"}
{"level":"info","message":"Magic Mover mahmoud loaded with items","timestamp":"2024-07-16T16:34:09.900Z"}
{"level":"info","message":"Magic Mover Created: mahmoud","timestamp":"2024-07-16T16:34:09.904Z"}
{"level":"info","message":"Magic Item added: mahmoud","timestamp":"2024-07-16T16:34:09.906Z"}
{"level":"info","message":"Magic Mover mahmoud loaded with items","timestamp":"2024-07-16T16:34:09.911Z"}
{"level":"info","message":"Magic Mover mahmoud started mission","timestamp":"2024-07-16T16:34:09.915Z"}
{"level":"info","message":"Magic Mover Created: mahmoud","timestamp":"2024-07-16T16:34:09.919Z"}
{"level":"info","message":"Magic Item added: mahmoud","timestamp":"2024-07-16T16:34:09.921Z"}
{"level":"info","message":"Magic Mover mahmoud loaded with items","timestamp":"2024-07-16T16:34:09.925Z"}
{"level":"info","message":"Magic Mover mahmoud started mission","timestamp":"2024-07-16T16:34:09.928Z"}
{"level":"info","message":"Magic Mover Created: mahmoud","timestamp":"2024-07-16T16:34:15.942Z"}
{"level":"info","message":"Magic Item added: mahmoud","timestamp":"2024-07-16T16:34:15.964Z"}
{"level":"info","message":"Magic Mover Created: mahmoud","timestamp":"2024-07-16T16:34:15.974Z"}
{"level":"info","message":"Magic Item added: mahmoud","timestamp":"2024-07-16T16:34:15.977Z"}
{"level":"info","message":"Magic Mover mahmoud loaded with items","timestamp":"2024-07-16T16:34:15.987Z"}
{"level":"info","message":"Magic Mover Created: mahmoud","timestamp":"2024-07-16T16:34:15.991Z"}
{"level":"info","message":"Magic Item added: mahmoud","timestamp":"2024-07-16T16:34:15.993Z"}
{"level":"info","message":"Magic Mover mahmoud loaded with items","timestamp":"2024-07-16T16:34:15.998Z"}
{"level":"info","message":"Magic Mover mahmoud started mission","timestamp":"2024-07-16T16:34:16.002Z"}
{"level":"info","message":"Magic Mover Created: mahmoud","timestamp":"2024-07-16T16:34:16.006Z"}
{"level":"info","message":"Magic Item added: mahmoud","timestamp":"2024-07-16T16:34:16.008Z"}
{"level":"info","message":"Magic Mover mahmoud loaded with items","timestamp":"2024-07-16T16:34:16.012Z"}
{"level":"info","message":"Magic Mover mahmoud started mission","timestamp":"2024-07-16T16:34:16.015Z"}
{"level":"info","message":"Magic Mover Created: mahmoud","timestamp":"2024-07-16T16:34:20.781Z"}
{"level":"info","message":"Magic Item added: mahmoud","timestamp":"2024-07-16T16:34:20.801Z"}
{"level":"info","message":"Magic Mover Created: mahmoud","timestamp":"2024-07-16T16:34:20.813Z"}
{"level":"info","message":"Magic Item added: mahmoud","timestamp":"2024-07-16T16:34:20.815Z"}
{"level":"info","message":"Magic Mover mahmoud loaded with items","timestamp":"2024-07-16T16:34:20.826Z"}
{"level":"info","message":"Magic Mover Created: mahmoud","timestamp":"2024-07-16T16:34:20.831Z"}
{"level":"info","message":"Magic Item added: mahmoud","timestamp":"2024-07-16T16:34:20.833Z"}
{"level":"info","message":"Magic Mover mahmoud loaded with items","timestamp":"2024-07-16T16:34:20.838Z"}
{"level":"info","message":"Magic Mover mahmoud started mission","timestamp":"2024-07-16T16:34:20.843Z"}
{"level":"info","message":"Magic Mover Created: mahmoud","timestamp":"2024-07-16T16:34:20.847Z"}
{"level":"info","message":"Magic Item added: mahmoud","timestamp":"2024-07-16T16:34:20.849Z"}
{"level":"info","message":"Magic Mover mahmoud loaded with items","timestamp":"2024-07-16T16:34:20.853Z"}
{"level":"info","message":"Magic Mover mahmoud started mission","timestamp":"2024-07-16T16:34:20.859Z"}
{"level":"info","message":"Magic Mover Created: mahmoud","timestamp":"2024-07-16T16:34:23.882Z"}
{"level":"info","message":"Magic Item added: mahmoud","timestamp":"2024-07-16T16:34:23.906Z"}
{"level":"info","message":"Magic Mover Created: mahmoud","timestamp":"2024-07-16T16:34:23.916Z"}
{"level":"info","message":"Magic Item added: mahmoud","timestamp":"2024-07-16T16:34:23.918Z"}
{"level":"info","message":"Magic Mover mahmoud loaded with items","timestamp":"2024-07-16T16:34:23.929Z"}
{"level":"info","message":"Magic Mover Created: mahmoud","timestamp":"2024-07-16T16:34:23.933Z"}
{"level":"info","message":"Magic Item added: mahmoud","timestamp":"2024-07-16T16:34:23.936Z"}
{"level":"info","message":"Magic Mover mahmoud loaded with items","timestamp":"2024-07-16T16:34:23.940Z"}
{"level":"info","message":"Magic Mover mahmoud started mission","timestamp":"2024-07-16T16:34:23.944Z"}
{"level":"info","message":"Magic Mover Created: mahmoud","timestamp":"2024-07-16T16:34:23.948Z"}
{"level":"info","message":"Magic Item added: mahmoud","timestamp":"2024-07-16T16:34:23.950Z"}
{"level":"info","message":"Magic Mover mahmoud loaded with items","timestamp":"2024-07-16T16:34:23.954Z"}
{"level":"info","message":"Magic Mover mahmoud started mission","timestamp":"2024-07-16T16:34:23.958Z"}
{"level":"info","message":"Magic Mover Created: mahmoud","timestamp":"2024-07-16T16:34:30.336Z"}
{"level":"info","message":"Magic Item added: mahmoud","timestamp":"2024-07-16T16:34:30.357Z"}
{"level":"info","message":"Magic Mover Created: mahmoud","timestamp":"2024-07-16T16:34:30.367Z"}
{"level":"info","message":"Magic Item added: mahmoud","timestamp":"2024-07-16T16:34:30.369Z"}
{"level":"info","message":"Magic Mover mahmoud loaded with items","timestamp":"2024-07-16T16:34:30.380Z"}
{"level":"info","message":"Magic Mover Created: mahmoud","timestamp":"2024-07-16T16:34:30.384Z"}
{"level":"info","message":"Magic Item added: mahmoud","timestamp":"2024-07-16T16:34:30.386Z"}
{"level":"info","message":"Magic Mover mahmoud loaded with items","timestamp":"2024-07-16T16:34:30.391Z"}
{"level":"info","message":"Magic Mover mahmoud started mission","timestamp":"2024-07-16T16:34:30.395Z"}
{"level":"info","message":"Magic Mover Created: mahmoud","timestamp":"2024-07-16T16:34:30.399Z"}
{"level":"info","message":"Magic Item added: mahmoud","timestamp":"2024-07-16T16:34:30.401Z"}
{"level":"info","message":"Magic Mover mahmoud loaded with items","timestamp":"2024-07-16T16:34:30.406Z"}
{"level":"info","message":"Magic Mover Created: mahmoud","timestamp":"2024-07-16T16:34:45.384Z"}
{"level":"info","message":"Magic Item added: mahmoud","timestamp":"2024-07-16T16:34:45.406Z"}
{"level":"info","message":"Magic Mover Created: mahmoud","timestamp":"2024-07-16T16:34:45.418Z"}
{"level":"info","message":"Magic Item added: mahmoud","timestamp":"2024-07-16T16:34:45.421Z"}
{"level":"info","message":"Magic Mover mahmoud loaded with items","timestamp":"2024-07-16T16:34:45.431Z"}
{"level":"info","message":"Magic Mover Created: mahmoud","timestamp":"2024-07-16T16:34:45.436Z"}
{"level":"info","message":"Magic Item added: mahmoud","timestamp":"2024-07-16T16:34:45.439Z"}
{"level":"info","message":"Magic Mover mahmoud loaded with items","timestamp":"2024-07-16T16:34:45.443Z"}
{"level":"info","message":"Magic Mover mahmoud started mission","timestamp":"2024-07-16T16:34:45.447Z"}
{"level":"info","message":"Magic Mover Created: mahmoud","timestamp":"2024-07-16T16:34:45.451Z"}
{"level":"info","message":"Magic Item added: mahmoud","timestamp":"2024-07-16T16:34:45.453Z"}
{"level":"info","message":"Magic Mover mahmoud loaded with items","timestamp":"2024-07-16T16:34:45.459Z"}
{"level":"info","message":"Magic Mover mahmoud started mission","timestamp":"2024-07-16T16:34:45.462Z"}
{"level":"info","message":"Magic Mover mahmoud ended mission","timestamp":"2024-07-16T16:34:45.465Z"}
{"level":"info","message":"Magic Mover Created: mahmoud","timestamp":"2024-07-16T16:34:49.802Z"}
{"level":"info","message":"Magic Item added: mahmoud","timestamp":"2024-07-16T16:34:49.824Z"}
{"level":"info","message":"Magic Mover Created: mahmoud","timestamp":"2024-07-16T16:34:49.834Z"}
{"level":"info","message":"Magic Item added: mahmoud","timestamp":"2024-07-16T16:34:49.837Z"}
{"level":"info","message":"Magic Mover mahmoud loaded with items","timestamp":"2024-07-16T16:34:49.847Z"}
{"level":"info","message":"Magic Mover Created: mahmoud","timestamp":"2024-07-16T16:34:49.851Z"}
{"level":"info","message":"Magic Item added: mahmoud","timestamp":"2024-07-16T16:34:49.853Z"}
{"level":"info","message":"Magic Mover mahmoud loaded with items","timestamp":"2024-07-16T16:34:49.858Z"}
{"level":"info","message":"Magic Mover mahmoud started mission","timestamp":"2024-07-16T16:34:49.862Z"}
{"level":"info","message":"Magic Mover Created: mahmoud","timestamp":"2024-07-16T16:34:49.866Z"}
{"level":"info","message":"Magic Item added: mahmoud","timestamp":"2024-07-16T16:34:49.868Z"}
{"level":"info","message":"Magic Mover mahmoud loaded with items","timestamp":"2024-07-16T16:34:49.872Z"}
{"level":"info","message":"Magic Mover mahmoud started mission","timestamp":"2024-07-16T16:34:49.876Z"}
{"level":"info","message":"Magic Mover mahmoud ended mission","timestamp":"2024-07-16T16:34:49.879Z"}
{"level":"info","message":"Magic Mover Created: mahmoud","timestamp":"2024-07-16T16:35:06.100Z"}
{"level":"info","message":"Magic Item added: mahmoud","timestamp":"2024-07-16T16:35:06.127Z"}
{"level":"info","message":"Magic Mover Created: mahmoud","timestamp":"2024-07-16T16:35:06.141Z"}
{"level":"info","message":"Magic Item added: mahmoud","timestamp":"2024-07-16T16:35:06.144Z"}
{"level":"info","message":"Magic Mover mahmoud loaded with items","timestamp":"2024-07-16T16:35:06.160Z"}
{"level":"info","message":"Magic Mover Created: mahmoud","timestamp":"2024-07-16T16:35:06.164Z"}
{"level":"info","message":"Magic Item added: mahmoud","timestamp":"2024-07-16T16:35:06.167Z"}
{"level":"info","message":"Magic Mover mahmoud loaded with items","timestamp":"2024-07-16T16:35:06.172Z"}
{"level":"info","message":"Magic Mover mahmoud started mission","timestamp":"2024-07-16T16:35:06.177Z"}
{"level":"info","message":"Magic Mover Created: mahmoud","timestamp":"2024-07-16T16:35:06.182Z"}
{"level":"info","message":"Magic Item added: mahmoud","timestamp":"2024-07-16T16:35:06.184Z"}
{"level":"info","message":"Magic Mover mahmoud loaded with items","timestamp":"2024-07-16T16:35:06.188Z"}
{"level":"info","message":"Magic Mover mahmoud started mission","timestamp":"2024-07-16T16:35:06.194Z"}
{"level":"info","message":"Magic Mover mahmoud ended mission","timestamp":"2024-07-16T16:35:06.198Z"}
{"level":"info","message":"Magic Mover Created: mahmoud","timestamp":"2024-07-16T16:35:44.554Z"}
{"level":"info","message":"Magic Item added: mahmoud","timestamp":"2024-07-16T16:35:44.576Z"}
{"level":"info","message":"Magic Mover Created: mahmoud","timestamp":"2024-07-16T16:35:44.586Z"}
{"level":"info","message":"Magic Item added: mahmoud","timestamp":"2024-07-16T16:35:44.589Z"}
{"level":"info","message":"Magic Mover mahmoud loaded with items","timestamp":"2024-07-16T16:35:44.599Z"}
{"level":"info","message":"Magic Mover Created: mahmoud","timestamp":"2024-07-16T16:35:44.603Z"}
{"level":"info","message":"Magic Item added: mahmoud","timestamp":"2024-07-16T16:35:44.605Z"}
{"level":"info","message":"Magic Mover mahmoud loaded with items","timestamp":"2024-07-16T16:35:44.610Z"}
{"level":"info","message":"Magic Mover mahmoud started mission","timestamp":"2024-07-16T16:35:44.613Z"}
{"level":"info","message":"Magic Mover Created: mahmoud","timestamp":"2024-07-16T16:35:44.618Z"}
{"level":"info","message":"Magic Item added: mahmoud","timestamp":"2024-07-16T16:35:44.620Z"}
{"level":"info","message":"Magic Mover mahmoud loaded with items","timestamp":"2024-07-16T16:35:44.655Z"}
{"level":"info","message":"Magic Mover mahmoud started mission","timestamp":"2024-07-16T16:35:44.666Z"}
{"level":"info","message":"Magic Mover mahmoud ended mission","timestamp":"2024-07-16T16:35:44.670Z"}
{"level":"info","message":"Magic Mover Created: mahmoud","timestamp":"2024-07-16T16:35:53.157Z"}
{"level":"info","message":"Magic Item added: mahmoud","timestamp":"2024-07-16T16:35:53.176Z"}
{"level":"info","message":"Magic Mover Created: mahmoud","timestamp":"2024-07-16T16:35:53.186Z"}
{"level":"info","message":"Magic Item added: mahmoud","timestamp":"2024-07-16T16:35:53.189Z"}
{"level":"info","message":"Magic Mover mahmoud loaded with items","timestamp":"2024-07-16T16:35:53.198Z"}
{"level":"info","message":"Magic Mover Created: mahmoud","timestamp":"2024-07-16T16:35:53.202Z"}
{"level":"info","message":"Magic Item added: mahmoud","timestamp":"2024-07-16T16:35:53.204Z"}
{"level":"info","message":"Magic Mover mahmoud loaded with items","timestamp":"2024-07-16T16:35:53.209Z"}
{"level":"info","message":"Magic Mover mahmoud started mission","timestamp":"2024-07-16T16:35:53.213Z"}
{"level":"info","message":"Magic Mover Created: mahmoud","timestamp":"2024-07-16T16:35:53.217Z"}
{"level":"info","message":"Magic Item added: mahmoud","timestamp":"2024-07-16T16:35:53.219Z"}
{"level":"info","message":"Magic Mover mahmoud loaded with items","timestamp":"2024-07-16T16:35:53.223Z"}
{"level":"info","message":"Magic Mover mahmoud started mission","timestamp":"2024-07-16T16:35:53.226Z"}
{"level":"info","message":"Magic Mover mahmoud ended mission","timestamp":"2024-07-16T16:35:53.230Z"}
{"level":"info","message":"Magic Mover Created: mahmoud","timestamp":"2024-07-16T16:36:11.105Z"}
{"level":"info","message":"Magic Item added: mahmoud","timestamp":"2024-07-16T16:36:11.129Z"}
{"level":"info","message":"Magic Mover Created: mahmoud","timestamp":"2024-07-16T16:36:11.140Z"}
{"level":"info","message":"Magic Item added: mahmoud","timestamp":"2024-07-16T16:36:11.142Z"}
{"level":"info","message":"Magic Mover mahmoud loaded with items","timestamp":"2024-07-16T16:36:11.155Z"}
{"level":"info","message":"Magic Mover Created: mahmoud","timestamp":"2024-07-16T16:36:11.178Z"}
{"level":"info","message":"Magic Item added: mahmoud","timestamp":"2024-07-16T16:36:11.184Z"}
{"level":"info","message":"Magic Mover mahmoud loaded with items","timestamp":"2024-07-16T16:36:11.190Z"}
{"level":"info","message":"Magic Mover mahmoud started mission","timestamp":"2024-07-16T16:36:11.194Z"}
{"level":"info","message":"Magic Mover Created: mahmoud","timestamp":"2024-07-16T16:36:11.198Z"}
{"level":"info","message":"Magic Item added: mahmoud","timestamp":"2024-07-16T16:36:11.200Z"}
{"level":"info","message":"Magic Mover mahmoud loaded with items","timestamp":"2024-07-16T16:36:11.204Z"}
{"level":"info","message":"Magic Mover mahmoud started mission","timestamp":"2024-07-16T16:36:11.208Z"}
{"level":"info","message":"Magic Mover mahmoud ended mission","timestamp":"2024-07-16T16:36:11.211Z"}
{"level":"info","message":"Magic Mover Created: mahmoud","timestamp":"2024-07-16T16:54:13.090Z"}
{"level":"info","message":"Magic Item added: mahmoud","timestamp":"2024-07-16T16:54:13.113Z"}
{"level":"info","message":"Magic Mover Created: mahmoud","timestamp":"2024-07-16T16:54:13.123Z"}
{"level":"info","message":"Magic Item added: mahmoud","timestamp":"2024-07-16T16:54:13.125Z"}
{"level":"info","message":"Magic Mover mahmoud loaded with items","timestamp":"2024-07-16T16:54:13.141Z"}
{"level":"info","message":"Magic Mover Created: mahmoud","timestamp":"2024-07-16T16:54:13.145Z"}
{"level":"info","message":"Magic Item added: mahmoud","timestamp":"2024-07-16T16:54:13.147Z"}
{"level":"info","message":"Magic Mover mahmoud loaded with items","timestamp":"2024-07-16T16:54:13.152Z"}
{"level":"info","message":"Magic Mover mahmoud started mission","timestamp":"2024-07-16T16:54:13.156Z"}
{"level":"info","message":"Magic Mover Created: mahmoud","timestamp":"2024-07-16T16:54:13.162Z"}
{"level":"info","message":"Magic Item added: mahmoud","timestamp":"2024-07-16T16:54:13.164Z"}
{"level":"info","message":"Magic Mover mahmoud loaded with items","timestamp":"2024-07-16T16:54:13.168Z"}
{"level":"info","message":"Magic Mover mahmoud started mission","timestamp":"2024-07-16T16:54:13.172Z"}
{"level":"info","message":"Magic Mover mahmoud ended mission","timestamp":"2024-07-16T16:54:13.176Z"}
{"level":"info","message":"Magic Mover Created: mahmoud","timestamp":"2024-07-16T16:55:32.590Z"}
{"level":"info","message":"Magic Item added: mahmoud","timestamp":"2024-07-16T16:55:32.612Z"}
{"level":"info","message":"Magic Mover Created: mahmoud","timestamp":"2024-07-16T16:55:32.622Z"}
{"level":"info","message":"Magic Item added: mahmoud","timestamp":"2024-07-16T16:55:32.624Z"}
{"level":"info","message":"Magic Mover mahmoud loaded with items","timestamp":"2024-07-16T16:55:32.641Z"}
{"level":"info","message":"Magic Mover Created: mahmoud","timestamp":"2024-07-16T16:55:32.645Z"}
{"level":"info","message":"Magic Item added: mahmoud","timestamp":"2024-07-16T16:55:32.647Z"}
{"level":"info","message":"Magic Mover mahmoud loaded with items","timestamp":"2024-07-16T16:55:32.651Z"}
{"level":"info","message":"Magic Mover mahmoud started mission","timestamp":"2024-07-16T16:55:32.655Z"}
{"level":"info","message":"Magic Mover Created: mahmoud","timestamp":"2024-07-16T16:55:32.659Z"}
{"level":"info","message":"Magic Item added: mahmoud","timestamp":"2024-07-16T16:55:32.661Z"}
{"level":"info","message":"Magic Mover mahmoud loaded with items","timestamp":"2024-07-16T16:55:32.665Z"}
{"level":"info","message":"Magic Mover mahmoud started mission","timestamp":"2024-07-16T16:55:32.668Z"}
{"level":"info","message":"Magic Mover mahmoud ended mission","timestamp":"2024-07-16T16:55:32.671Z"}
